<?xml version="1.0" encoding="UTF-8"?>
<testsuite xmlns:xsi="http://www.w3.org/2001/XMLSchema-instance" xsi:noNamespaceSchemaLocation="https://maven.apache.org/surefire/maven-surefire-plugin/xsd/surefire-test-report.xsd" name="com.example.BasicApplicationTests" time="0.239" tests="1" errors="1" skipped="0" failures="0">
  <properties>
    <property name="sun.desktop" value="gnome"/>
    <property name="awt.toolkit" value="sun.awt.X11.XToolkit"/>
    <property name="java.specification.version" value="11"/>
    <property name="sun.cpu.isalist" value=""/>
    <property name="sun.jnu.encoding" value="UTF-8"/>
    <property name="java.class.path" value="/home/mgiannini/NetBeansProjects/omnited/backend/omnited-red-stream/target/test-classes:/home/mgiannini/NetBeansProjects/omnited/backend/omnited-red-stream/target/classes:/home/mgiannini/.m2/repository/org/springframework/boot/spring-boot-starter-web/2.2.2.RELEASE/spring-boot-starter-web-2.2.2.RELEASE.jar:/home/mgiannini/.m2/repository/org/springframework/boot/spring-boot-starter/2.2.2.RELEASE/spring-boot-starter-2.2.2.RELEASE.jar:/home/mgiannini/.m2/repository/org/springframework/boot/spring-boot-starter-logging/2.2.2.RELEASE/spring-boot-starter-logging-2.2.2.RELEASE.jar:/home/mgiannini/.m2/repository/ch/qos/logback/logback-classic/1.2.3/logback-classic-1.2.3.jar:/home/mgiannini/.m2/repository/ch/qos/logback/logback-core/1.2.3/logback-core-1.2.3.jar:/home/mgiannini/.m2/repository/org/apache/logging/log4j/log4j-to-slf4j/2.12.1/log4j-to-slf4j-2.12.1.jar:/home/mgiannini/.m2/repository/org/apache/logging/log4j/log4j-api/2.12.1/log4j-api-2.12.1.jar:/home/mgiannini/.m2/repository/org/slf4j/jul-to-slf4j/1.7.29/jul-to-slf4j-1.7.29.jar:/home/mgiannini/.m2/repository/jakarta/annotation/jakarta.annotation-api/1.3.5/jakarta.annotation-api-1.3.5.jar:/home/mgiannini/.m2/repository/org/yaml/snakeyaml/1.25/snakeyaml-1.25.jar:/home/mgiannini/.m2/repository/org/springframework/boot/spring-boot-starter-json/2.2.2.RELEASE/spring-boot-starter-json-2.2.2.RELEASE.jar:/home/mgiannini/.m2/repository/com/fasterxml/jackson/datatype/jackson-datatype-jdk8/2.10.1/jackson-datatype-jdk8-2.10.1.jar:/home/mgiannini/.m2/repository/com/fasterxml/jackson/datatype/jackson-datatype-jsr310/2.10.1/jackson-datatype-jsr310-2.10.1.jar:/home/mgiannini/.m2/repository/com/fasterxml/jackson/module/jackson-module-parameter-names/2.10.1/jackson-module-parameter-names-2.10.1.jar:/home/mgiannini/.m2/repository/org/springframework/boot/spring-boot-starter-tomcat/2.2.2.RELEASE/spring-boot-starter-tomcat-2.2.2.RELEASE.jar:/home/mgiannini/.m2/repository/org/apache/tomcat/embed/tomcat-embed-core/9.0.29/tomcat-embed-core-9.0.29.jar:/home/mgiannini/.m2/repository/org/apache/tomcat/embed/tomcat-embed-el/9.0.29/tomcat-embed-el-9.0.29.jar:/home/mgiannini/.m2/repository/org/apache/tomcat/embed/tomcat-embed-websocket/9.0.29/tomcat-embed-websocket-9.0.29.jar:/home/mgiannini/.m2/repository/org/springframework/boot/spring-boot-starter-validation/2.2.2.RELEASE/spring-boot-starter-validation-2.2.2.RELEASE.jar:/home/mgiannini/.m2/repository/jakarta/validation/jakarta.validation-api/2.0.1/jakarta.validation-api-2.0.1.jar:/home/mgiannini/.m2/repository/org/hibernate/validator/hibernate-validator/6.0.18.Final/hibernate-validator-6.0.18.Final.jar:/home/mgiannini/.m2/repository/org/jboss/logging/jboss-logging/3.4.1.Final/jboss-logging-3.4.1.Final.jar:/home/mgiannini/.m2/repository/org/springframework/spring-webmvc/5.2.2.RELEASE/spring-webmvc-5.2.2.RELEASE.jar:/home/mgiannini/.m2/repository/org/springframework/spring-aop/5.2.2.RELEASE/spring-aop-5.2.2.RELEASE.jar:/home/mgiannini/.m2/repository/org/springframework/spring-expression/5.2.2.RELEASE/spring-expression-5.2.2.RELEASE.jar:/home/mgiannini/.m2/repository/org/springframework/amqp/spring-rabbit/2.2.22.RELEASE/spring-rabbit-2.2.22.RELEASE.jar:/home/mgiannini/.m2/repository/com/rabbitmq/amqp-client/5.7.3/amqp-client-5.7.3.jar:/home/mgiannini/.m2/repository/org/springframework/spring-context/5.2.2.RELEASE/spring-context-5.2.2.RELEASE.jar:/home/mgiannini/.m2/repository/org/springframework/spring-messaging/5.2.2.RELEASE/spring-messaging-5.2.2.RELEASE.jar:/home/mgiannini/.m2/repository/org/springframework/spring-tx/5.2.2.RELEASE/spring-tx-5.2.2.RELEASE.jar:/home/mgiannini/.m2/repository/org/springframework/amqp/spring-amqp/2.2.22.RELEASE/spring-amqp-2.2.22.RELEASE.jar:/home/mgiannini/.m2/repository/org/springframework/retry/spring-retry/1.2.4.RELEASE/spring-retry-1.2.4.RELEASE.jar:/home/mgiannini/.m2/repository/org/springframework/spring-core/5.2.2.RELEASE/spring-core-5.2.2.RELEASE.jar:/home/mgiannini/.m2/repository/org/springframework/spring-jcl/5.2.2.RELEASE/spring-jcl-5.2.2.RELEASE.jar:/home/mgiannini/.m2/repository/org/modelmapper/modelmapper/2.4.2/modelmapper-2.4.2.jar:/home/mgiannini/.m2/repository/com/google/protobuf/protobuf-java/3.20.1/protobuf-java-3.20.1.jar:/home/mgiannini/.m2/repository/coop/bancocredicoop/proyectos/common/java-common-healthcheck/1.0.0-03/java-common-healthcheck-1.0.0-03.jar:/home/mgiannini/.m2/repository/coop/bancocredicoop/common/java-common-domain/6.4.9-00/java-common-domain-6.4.9-00.jar:/home/mgiannini/.m2/repository/org/ektorp/org.ektorp/1.4.2/org.ektorp-1.4.2.jar:/home/mgiannini/.m2/repository/org/apache/httpcomponents/httpclient-cache/4.5.10/httpclient-cache-4.5.10.jar:/home/mgiannini/.m2/repository/net/sourceforge/findbugs/annotations/1.3.2/annotations-1.3.2.jar:/home/mgiannini/.m2/repository/com/fasterxml/jackson/core/jackson-annotations/2.10.1/jackson-annotations-2.10.1.jar:/home/mgiannini/.m2/repository/cglib/cglib-nodep/2.1_3/cglib-nodep-2.1_3.jar:/home/mgiannini/.m2/repository/junit/junit/4.12/junit-4.12.jar:/home/mgiannini/.m2/repository/org/hamcrest/hamcrest-core/2.1/hamcrest-core-2.1.jar:/home/mgiannini/.m2/repository/org/hamcrest/hamcrest/2.1/hamcrest-2.1.jar:/home/mgiannini/.m2/repository/com/thoughtworks/xstream/xstream/1.3.1/xstream-1.3.1.jar:/home/mgiannini/.m2/repository/xpp3/xpp3_min/1.1.4c/xpp3_min-1.1.4c.jar:/home/mgiannini/.m2/repository/jaxen/jaxen/1.2.0/jaxen-1.2.0.jar:/home/mgiannini/.m2/repository/org/hibernate/javax/persistence/hibernate-jpa-2.1-api/1.0.0.Final/hibernate-jpa-2.1-api-1.0.0.Final.jar:/home/mgiannini/.m2/repository/org/hibernate/hibernate-entitymanager/5.4.9.Final/hibernate-entitymanager-5.4.9.Final.jar:/home/mgiannini/.m2/repository/org/hibernate/hibernate-core/5.4.9.Final/hibernate-core-5.4.9.Final.jar:/home/mgiannini/.m2/repository/org/javassist/javassist/3.24.0-GA/javassist-3.24.0-GA.jar:/home/mgiannini/.m2/repository/org/jboss/jandex/2.1.1.Final/jandex-2.1.1.Final.jar:/home/mgiannini/.m2/repository/org/dom4j/dom4j/2.1.1/dom4j-2.1.1.jar:/home/mgiannini/.m2/repository/org/hibernate/common/hibernate-commons-annotations/5.1.0.Final/hibernate-commons-annotations-5.1.0.Final.jar:/home/mgiannini/.m2/repository/javax/persistence/javax.persistence-api/2.2/javax.persistence-api-2.2.jar:/home/mgiannini/.m2/repository/org/jboss/spec/javax/transaction/jboss-transaction-api_1.2_spec/1.1.1.Final/jboss-transaction-api_1.2_spec-1.1.1.Final.jar:/home/mgiannini/.m2/repository/mysql/mysql-connector-java/8.0.18/mysql-connector-java-8.0.18.jar:/home/mgiannini/.m2/repository/hsqldb/hsqldb/1.8.0.7/hsqldb-1.8.0.7.jar:/home/mgiannini/.m2/repository/com/oracle/driver/ojdbc/14/ojdbc-14.jar:/home/mgiannini/.m2/repository/log4j/log4j/1.2.17/log4j-1.2.17.jar:/home/mgiannini/.m2/repository/org/springframework/boot/spring-boot/2.2.2.RELEASE/spring-boot-2.2.2.RELEASE.jar:/home/mgiannini/.m2/repository/io/springfox/springfox-core/2.9.2/springfox-core-2.9.2.jar:/home/mgiannini/.m2/repository/net/bytebuddy/byte-buddy/1.10.4/byte-buddy-1.10.4.jar:/home/mgiannini/.m2/repository/coop/bancocredicoop/proyectos/common/java-common-ms-configuration/2.0.3-03/java-common-ms-configuration-2.0.3-03.jar:/home/mgiannini/.m2/repository/coop/bancocredicoop/proyectos/common/java-common-ms-logging/1.0.7-02/java-common-ms-logging-1.0.7-02.jar:/home/mgiannini/.m2/repository/org/apache/ws/security/wss4j/1.6.19/wss4j-1.6.19.jar:/home/mgiannini/.m2/repository/commons-logging/commons-logging/1.1.1/commons-logging-1.1.1.jar:/home/mgiannini/.m2/repository/org/apache/santuario/xmlsec/1.5.8/xmlsec-1.5.8.jar:/home/mgiannini/.m2/repository/org/opensaml/opensaml/2.5.1-1/opensaml-2.5.1-1.jar:/home/mgiannini/.m2/repository/org/opensaml/openws/1.4.2-1/openws-1.4.2-1.jar:/home/mgiannini/.m2/repository/org/opensaml/xmltooling/1.3.2-1/xmltooling-1.3.2-1.jar:/home/mgiannini/.m2/repository/org/apache/cxf/cxf-rt-frontend-jaxrs/3.3.3/cxf-rt-frontend-jaxrs-3.3.3.jar:/home/mgiannini/.m2/repository/org/apache/cxf/cxf-core/3.3.3/cxf-core-3.3.3.jar:/home/mgiannini/.m2/repository/org/glassfish/jaxb/jaxb-runtime/2.3.2/jaxb-runtime-2.3.2.jar:/home/mgiannini/.m2/repository/org/glassfish/jaxb/txw2/2.3.2/txw2-2.3.2.jar:/home/mgiannini/.m2/repository/com/sun/istack/istack-commons-runtime/3.0.8/istack-commons-runtime-3.0.8.jar:/home/mgiannini/.m2/repository/com/sun/xml/fastinfoset/FastInfoset/1.2.16/FastInfoset-1.2.16.jar:/home/mgiannini/.m2/repository/com/fasterxml/woodstox/woodstox-core/5.0.3/woodstox-core-5.0.3.jar:/home/mgiannini/.m2/repository/org/codehaus/woodstox/stax2-api/3.1.4/stax2-api-3.1.4.jar:/home/mgiannini/.m2/repository/org/apache/ws/xmlschema/xmlschema-core/2.2.4/xmlschema-core-2.2.4.jar:/home/mgiannini/.m2/repository/jakarta/xml/bind/jakarta.xml.bind-api/2.3.2/jakarta.xml.bind-api-2.3.2.jar:/home/mgiannini/.m2/repository/jakarta/ws/rs/jakarta.ws.rs-api/2.1.6/jakarta.ws.rs-api-2.1.6.jar:/home/mgiannini/.m2/repository/javax/annotation/javax.annotation-api/1.3.2/javax.annotation-api-1.3.2.jar:/home/mgiannini/.m2/repository/org/apache/cxf/cxf-rt-transports-http/3.3.3/cxf-rt-transports-http-3.3.3.jar:/home/mgiannini/.m2/repository/org/apache/cxf/cxf-rt-security/3.3.3/cxf-rt-security-3.3.3.jar:/home/mgiannini/.m2/repository/javax/xml/ws/jaxws-api/2.3.1/jaxws-api-2.3.1.jar:/home/mgiannini/.m2/repository/javax/xml/soap/javax.xml.soap-api/1.4.0/javax.xml.soap-api-1.4.0.jar:/home/mgiannini/.m2/repository/com/sun/activation/javax.activation/1.2.0/javax.activation-1.2.0.jar:/home/mgiannini/.m2/repository/org/apache/geronimo/specs/geronimo-ws-metadata_2.0_spec/1.1.3/geronimo-ws-metadata_2.0_spec-1.1.3.jar:/home/mgiannini/.m2/repository/com/sun/xml/messaging/saaj/saaj-impl/1.5.1/saaj-impl-1.5.1.jar:/home/mgiannini/.m2/repository/jakarta/activation/jakarta.activation-api/1.2.1/jakarta.activation-api-1.2.1.jar:/home/mgiannini/.m2/repository/jakarta/xml/soap/jakarta.xml.soap-api/1.4.1/jakarta.xml.soap-api-1.4.1.jar:/home/mgiannini/.m2/repository/org/jvnet/mimepull/mimepull/1.9.12/mimepull-1.9.12.jar:/home/mgiannini/.m2/repository/org/jvnet/staxex/stax-ex/1.8.1/stax-ex-1.8.1.jar:/home/mgiannini/.m2/repository/org/jacorb/jacorb-omgapi/3.7/jacorb-omgapi-3.7.jar:/home/mgiannini/.m2/repository/org/apache/geronimo/specs/geronimo-jta_1.1_spec/1.1.1/geronimo-jta_1.1_spec-1.1.1.jar:/home/mgiannini/.m2/repository/org/jboss/spec/javax/rmi/jboss-rmi-api_1.0_spec/1.0.6.Final/jboss-rmi-api_1.0_spec-1.0.6.Final.jar:/home/mgiannini/.m2/repository/org/springframework/spring-web/5.2.2.RELEASE/spring-web-5.2.2.RELEASE.jar:/home/mgiannini/.m2/repository/org/springframework/spring-beans/5.2.2.RELEASE/spring-beans-5.2.2.RELEASE.jar:/home/mgiannini/.m2/repository/org/springframework/boot/spring-boot-autoconfigure/2.2.2.RELEASE/spring-boot-autoconfigure-2.2.2.RELEASE.jar:/home/mgiannini/.m2/repository/org/springframework/boot/spring-boot-test/2.2.2.RELEASE/spring-boot-test-2.2.2.RELEASE.jar:/home/mgiannini/.m2/repository/org/springframework/spring-test/5.2.2.RELEASE/spring-test-5.2.2.RELEASE.jar:/home/mgiannini/.m2/repository/org/springframework/boot/spring-boot-starter-actuator/2.2.2.RELEASE/spring-boot-starter-actuator-2.2.2.RELEASE.jar:/home/mgiannini/.m2/repository/org/springframework/boot/spring-boot-actuator-autoconfigure/2.2.2.RELEASE/spring-boot-actuator-autoconfigure-2.2.2.RELEASE.jar:/home/mgiannini/.m2/repository/org/springframework/boot/spring-boot-actuator/2.2.2.RELEASE/spring-boot-actuator-2.2.2.RELEASE.jar:/home/mgiannini/.m2/repository/io/micrometer/micrometer-core/1.3.1/micrometer-core-1.3.1.jar:/home/mgiannini/.m2/repository/org/hdrhistogram/HdrHistogram/2.1.11/HdrHistogram-2.1.11.jar:/home/mgiannini/.m2/repository/org/latencyutils/LatencyUtils/2.0.3/LatencyUtils-2.0.3.jar:/home/mgiannini/.m2/repository/io/springfox/springfox-swagger2/2.9.2/springfox-swagger2-2.9.2.jar:/home/mgiannini/.m2/repository/io/swagger/swagger-annotations/1.5.20/swagger-annotations-1.5.20.jar:/home/mgiannini/.m2/repository/io/swagger/swagger-models/1.5.20/swagger-models-1.5.20.jar:/home/mgiannini/.m2/repository/io/springfox/springfox-spi/2.9.2/springfox-spi-2.9.2.jar:/home/mgiannini/.m2/repository/io/springfox/springfox-schema/2.9.2/springfox-schema-2.9.2.jar:/home/mgiannini/.m2/repository/io/springfox/springfox-swagger-common/2.9.2/springfox-swagger-common-2.9.2.jar:/home/mgiannini/.m2/repository/io/springfox/springfox-spring-web/2.9.2/springfox-spring-web-2.9.2.jar:/home/mgiannini/.m2/repository/com/google/guava/guava/20.0/guava-20.0.jar:/home/mgiannini/.m2/repository/com/fasterxml/classmate/1.5.1/classmate-1.5.1.jar:/home/mgiannini/.m2/repository/org/slf4j/slf4j-api/1.7.29/slf4j-api-1.7.29.jar:/home/mgiannini/.m2/repository/org/springframework/plugin/spring-plugin-core/1.2.0.RELEASE/spring-plugin-core-1.2.0.RELEASE.jar:/home/mgiannini/.m2/repository/org/springframework/plugin/spring-plugin-metadata/1.2.0.RELEASE/spring-plugin-metadata-1.2.0.RELEASE.jar:/home/mgiannini/.m2/repository/org/mapstruct/mapstruct/1.2.0.Final/mapstruct-1.2.0.Final.jar:/home/mgiannini/.m2/repository/io/springfox/springfox-swagger-ui/2.9.2/springfox-swagger-ui-2.9.2.jar:/home/mgiannini/.m2/repository/com/google/collections/google-collections/1.0/google-collections-1.0.jar:/home/mgiannini/.m2/repository/org/mock-server/mockserver-netty/5.12.0-BCCL/mockserver-netty-5.12.0-BCCL.jar:/home/mgiannini/.m2/repository/org/mock-server/mockserver-core/5.12.0-BCCL/mockserver-core-5.12.0-BCCL.jar:/home/mgiannini/.m2/repository/com/lmax/disruptor/3.4.2/disruptor-3.4.2.jar:/home/mgiannini/.m2/repository/javax/servlet/javax.servlet-api/4.0.1/javax.servlet-api-4.0.1.jar:/home/mgiannini/.m2/repository/io/netty/netty-codec-socks/4.1.43.Final/netty-codec-socks-4.1.43.Final.jar:/home/mgiannini/.m2/repository/io/netty/netty-handler-proxy/4.1.43.Final/netty-handler-proxy-4.1.43.Final.jar:/home/mgiannini/.m2/repository/com/jcraft/jzlib/1.1.3/jzlib-1.1.3.jar:/home/mgiannini/.m2/repository/com/fasterxml/uuid/java-uuid-generator/4.0.1/java-uuid-generator-4.0.1.jar:/home/mgiannini/.m2/repository/org/apache/velocity/velocity-engine-scripting/2.2/velocity-engine-scripting-2.2.jar:/home/mgiannini/.m2/repository/org/apache/velocity/velocity-engine-core/2.2/velocity-engine-core-2.2.jar:/home/mgiannini/.m2/repository/com/googlecode/json-simple/json-simple/1.1.1/json-simple-1.1.1.jar:/home/mgiannini/.m2/repository/net/javacrumbs/json-unit/json-unit-core/2.22.0/json-unit-core-2.22.0.jar:/home/mgiannini/.m2/repository/com/github/java-json-tools/json-schema-validator/2.2.14/json-schema-validator-2.2.14.jar:/home/mgiannini/.m2/repository/com/github/java-json-tools/jackson-coreutils-equivalence/1.0/jackson-coreutils-equivalence-1.0.jar:/home/mgiannini/.m2/repository/com/github/java-json-tools/jackson-coreutils/2.0/jackson-coreutils-2.0.jar:/home/mgiannini/.m2/repository/com/github/java-json-tools/msg-simple/1.2/msg-simple-1.2.jar:/home/mgiannini/.m2/repository/com/github/java-json-tools/btf/1.3/btf-1.3.jar:/home/mgiannini/.m2/repository/com/github/java-json-tools/json-schema-core/1.2.14/json-schema-core-1.2.14.jar:/home/mgiannini/.m2/repository/com/github/java-json-tools/uri-template/0.10/uri-template-0.10.jar:/home/mgiannini/.m2/repository/org/mozilla/rhino/1.7.7.2/rhino-1.7.7.2.jar:/home/mgiannini/.m2/repository/com/sun/mail/mailapi/1.6.2/mailapi-1.6.2.jar:/home/mgiannini/.m2/repository/joda-time/joda-time/2.10.5/joda-time-2.10.5.jar:/home/mgiannini/.m2/repository/com/googlecode/libphonenumber/libphonenumber/8.11.1/libphonenumber-8.11.1.jar:/home/mgiannini/.m2/repository/com/google/code/findbugs/jsr305/3.0.2/jsr305-3.0.2.jar:/home/mgiannini/.m2/repository/net/sf/jopt-simple/jopt-simple/5.0.4/jopt-simple-5.0.4.jar:/home/mgiannini/.m2/repository/com/jayway/jsonpath/json-path/2.4.0/json-path-2.4.0.jar:/home/mgiannini/.m2/repository/net/minidev/json-smart/2.3/json-smart-2.3.jar:/home/mgiannini/.m2/repository/net/minidev/accessors-smart/1.2/accessors-smart-1.2.jar:/home/mgiannini/.m2/repository/org/ow2/asm/asm/5.0.4/asm-5.0.4.jar:/home/mgiannini/.m2/repository/io/swagger/parser/v3/swagger-parser/2.0.23/swagger-parser-2.0.23.jar:/home/mgiannini/.m2/repository/io/swagger/parser/v3/swagger-parser-v2-converter/2.0.23/swagger-parser-v2-converter-2.0.23.jar:/home/mgiannini/.m2/repository/io/swagger/swagger-core/1.6.2/swagger-core-1.6.2.jar:/home/mgiannini/.m2/repository/javax/validation/validation-api/2.0.1.Final/validation-api-2.0.1.Final.jar:/home/mgiannini/.m2/repository/io/swagger/swagger-parser/1.0.52/swagger-parser-1.0.52.jar:/home/mgiannini/.m2/repository/org/slf4j/slf4j-ext/1.7.29/slf4j-ext-1.7.29.jar:/home/mgiannini/.m2/repository/io/swagger/swagger-compat-spec-parser/1.0.52/swagger-compat-spec-parser-1.0.52.jar:/home/mgiannini/.m2/repository/io/swagger/core/v3/swagger-models/2.1.5/swagger-models-2.1.5.jar:/home/mgiannini/.m2/repository/io/swagger/parser/v3/swagger-parser-core/2.0.23/swagger-parser-core-2.0.23.jar:/home/mgiannini/.m2/repository/io/swagger/parser/v3/swagger-parser-v3/2.0.23/swagger-parser-v3-2.0.23.jar:/home/mgiannini/.m2/repository/io/swagger/core/v3/swagger-core/2.1.5/swagger-core-2.1.5.jar:/home/mgiannini/.m2/repository/io/swagger/core/v3/swagger-annotations/2.1.5/swagger-annotations-2.1.5.jar:/home/mgiannini/.m2/repository/com/fasterxml/jackson/dataformat/jackson-dataformat-yaml/2.10.1/jackson-dataformat-yaml-2.10.1.jar:/home/mgiannini/.m2/repository/javax/xml/bind/jaxb-api/2.3.1/jaxb-api-2.3.1.jar:/home/mgiannini/.m2/repository/javax/activation/javax.activation-api/1.2.0/javax.activation-api-1.2.0.jar:/home/mgiannini/.m2/repository/org/xmlunit/xmlunit-core/2.6.3/xmlunit-core-2.6.3.jar:/home/mgiannini/.m2/repository/org/xmlunit/xmlunit-placeholders/2.6.3/xmlunit-placeholders-2.6.3.jar:/home/mgiannini/.m2/repository/org/apache/commons/commons-text/1.9/commons-text-1.9.jar:/home/mgiannini/.m2/repository/commons-codec/commons-codec/1.13/commons-codec-1.13.jar:/home/mgiannini/.m2/repository/com/google/code/gson/gson/2.8.6/gson-2.8.6.jar:/home/mgiannini/.m2/repository/io/netty/netty-buffer/4.1.43.Final/netty-buffer-4.1.43.Final.jar:/home/mgiannini/.m2/repository/io/netty/netty-codec/4.1.43.Final/netty-codec-4.1.43.Final.jar:/home/mgiannini/.m2/repository/io/netty/netty-codec-http/4.1.43.Final/netty-codec-http-4.1.43.Final.jar:/home/mgiannini/.m2/repository/io/netty/netty-common/4.1.43.Final/netty-common-4.1.43.Final.jar:/home/mgiannini/.m2/repository/io/netty/netty-handler/4.1.43.Final/netty-handler-4.1.43.Final.jar:/home/mgiannini/.m2/repository/io/netty/netty-transport/4.1.43.Final/netty-transport-4.1.43.Final.jar:/home/mgiannini/.m2/repository/io/netty/netty-resolver/4.1.43.Final/netty-resolver-4.1.43.Final.jar:/home/mgiannini/.m2/repository/commons-io/commons-io/2.8.0/commons-io-2.8.0.jar:/home/mgiannini/.m2/repository/org/mock-server/mockserver-client-java/5.12.0-BCCL/mockserver-client-java-5.12.0-BCCL.jar:/home/mgiannini/.m2/repository/org/apache/commons/commons-lang3/3.9/commons-lang3-3.9.jar:/home/mgiannini/.m2/repository/org/junit/jupiter/junit-jupiter/5.5.2/junit-jupiter-5.5.2.jar:/home/mgiannini/.m2/repository/org/junit/jupiter/junit-jupiter-params/5.5.2/junit-jupiter-params-5.5.2.jar:/home/mgiannini/.m2/repository/org/junit/jupiter/junit-jupiter-engine/5.5.2/junit-jupiter-engine-5.5.2.jar:/home/mgiannini/.m2/repository/org/junit/platform/junit-platform-engine/1.5.2/junit-platform-engine-1.5.2.jar:/home/mgiannini/.m2/repository/org/junit/jupiter/junit-jupiter-api/5.5.2/junit-jupiter-api-5.5.2.jar:/home/mgiannini/.m2/repository/org/apiguardian/apiguardian-api/1.1.0/apiguardian-api-1.1.0.jar:/home/mgiannini/.m2/repository/org/opentest4j/opentest4j/1.2.0/opentest4j-1.2.0.jar:/home/mgiannini/.m2/repository/org/junit/platform/junit-platform-commons/1.5.2/junit-platform-commons-1.5.2.jar:/home/mgiannini/.m2/repository/org/apache/maven/plugins/maven-changes-plugin/2.12.1/maven-changes-plugin-2.12.1.jar:/home/mgiannini/.m2/repository/org/apache/maven/maven-core/2.2.1/maven-core-2.2.1.jar:/home/mgiannini/.m2/repository/org/apache/maven/wagon/wagon-file/1.0-beta-6/wagon-file-1.0-beta-6.jar:/home/mgiannini/.m2/repository/org/apache/maven/maven-plugin-parameter-documenter/2.2.1/maven-plugin-parameter-documenter-2.2.1.jar:/home/mgiannini/.m2/repository/org/apache/maven/wagon/wagon-http-lightweight/1.0-beta-6/wagon-http-lightweight-1.0-beta-6.jar:/home/mgiannini/.m2/repository/org/apache/maven/wagon/wagon-http-shared/1.0-beta-6/wagon-http-shared-1.0-beta-6.jar:/home/mgiannini/.m2/repository/nekohtml/xercesMinimal/1.9.6.2/xercesMinimal-1.9.6.2.jar:/home/mgiannini/.m2/repository/nekohtml/nekohtml/1.9.6.2/nekohtml-1.9.6.2.jar:/home/mgiannini/.m2/repository/org/apache/maven/wagon/wagon-http/1.0-beta-6/wagon-http-1.0-beta-6.jar:/home/mgiannini/.m2/repository/org/apache/maven/wagon/wagon-webdav-jackrabbit/1.0-beta-6/wagon-webdav-jackrabbit-1.0-beta-6.jar:/home/mgiannini/.m2/repository/org/apache/jackrabbit/jackrabbit-webdav/1.5.0/jackrabbit-webdav-1.5.0.jar:/home/mgiannini/.m2/repository/org/apache/jackrabbit/jackrabbit-jcr-commons/1.5.0/jackrabbit-jcr-commons-1.5.0.jar:/home/mgiannini/.m2/repository/org/slf4j/jcl-over-slf4j/1.7.29/jcl-over-slf4j-1.7.29.jar:/home/mgiannini/.m2/repository/org/apache/maven/maven-profile/2.2.1/maven-profile-2.2.1.jar:/home/mgiannini/.m2/repository/org/apache/maven/wagon/wagon-provider-api/1.0-beta-6/wagon-provider-api-1.0-beta-6.jar:/home/mgiannini/.m2/repository/org/codehaus/plexus/plexus-container-default/1.0-alpha-9-stable-1/plexus-container-default-1.0-alpha-9-stable-1.jar:/home/mgiannini/.m2/repository/org/apache/maven/maven-repository-metadata/2.2.1/maven-repository-metadata-2.2.1.jar:/home/mgiannini/.m2/repository/org/apache/maven/maven-error-diagnostics/2.2.1/maven-error-diagnostics-2.2.1.jar:/home/mgiannini/.m2/repository/commons-cli/commons-cli/1.2/commons-cli-1.2.jar:/home/mgiannini/.m2/repository/org/apache/maven/wagon/wagon-ssh-external/1.0-beta-6/wagon-ssh-external-1.0-beta-6.jar:/home/mgiannini/.m2/repository/org/apache/maven/wagon/wagon-ssh-common/1.0-beta-6/wagon-ssh-common-1.0-beta-6.jar:/home/mgiannini/.m2/repository/org/apache/maven/maven-plugin-descriptor/2.2.1/maven-plugin-descriptor-2.2.1.jar:/home/mgiannini/.m2/repository/org/codehaus/plexus/plexus-interactivity-api/1.0-alpha-4/plexus-interactivity-api-1.0-alpha-4.jar:/home/mgiannini/.m2/repository/org/apache/maven/maven-artifact-manager/2.2.1/maven-artifact-manager-2.2.1.jar:/home/mgiannini/.m2/repository/backport-util-concurrent/backport-util-concurrent/3.1/backport-util-concurrent-3.1.jar:/home/mgiannini/.m2/repository/org/apache/maven/maven-monitor/2.2.1/maven-monitor-2.2.1.jar:/home/mgiannini/.m2/repository/org/apache/maven/wagon/wagon-ssh/1.0-beta-6/wagon-ssh-1.0-beta-6.jar:/home/mgiannini/.m2/repository/com/jcraft/jsch/0.1.38/jsch-0.1.38.jar:/home/mgiannini/.m2/repository/classworlds/classworlds/1.1/classworlds-1.1.jar:/home/mgiannini/.m2/repository/org/sonatype/plexus/plexus-sec-dispatcher/1.3/plexus-sec-dispatcher-1.3.jar:/home/mgiannini/.m2/repository/org/sonatype/plexus/plexus-cipher/1.4/plexus-cipher-1.4.jar:/home/mgiannini/.m2/repository/org/apache/maven/maven-artifact/2.2.1/maven-artifact-2.2.1.jar:/home/mgiannini/.m2/repository/org/apache/maven/maven-model/2.2.1/maven-model-2.2.1.jar:/home/mgiannini/.m2/repository/org/apache/maven/maven-plugin-api/2.2.1/maven-plugin-api-2.2.1.jar:/home/mgiannini/.m2/repository/org/apache/maven/maven-project/2.2.1/maven-project-2.2.1.jar:/home/mgiannini/.m2/repository/org/apache/maven/maven-plugin-registry/2.2.1/maven-plugin-registry-2.2.1.jar:/home/mgiannini/.m2/repository/org/apache/maven/maven-settings/2.2.1/maven-settings-2.2.1.jar:/home/mgiannini/.m2/repository/org/apache/maven/reporting/maven-reporting-api/3.0/maven-reporting-api-3.0.jar:/home/mgiannini/.m2/repository/org/apache/maven/reporting/maven-reporting-impl/2.3/maven-reporting-impl-2.3.jar:/home/mgiannini/.m2/repository/org/apache/maven/shared/maven-shared-utils/0.6/maven-shared-utils-0.6.jar:/home/mgiannini/.m2/repository/commons-validator/commons-validator/1.3.1/commons-validator-1.3.1.jar:/home/mgiannini/.m2/repository/org/apache/maven/shared/maven-filtering/1.3/maven-filtering-1.3.jar:/home/mgiannini/.m2/repository/org/sonatype/plexus/plexus-build-api/0.0.4/plexus-build-api-0.0.4.jar:/home/mgiannini/.m2/repository/org/codehaus/plexus/plexus-interpolation/1.21/plexus-interpolation-1.21.jar:/home/mgiannini/.m2/repository/org/codehaus/plexus/plexus-mail-sender-api/1.0-alpha-7/plexus-mail-sender-api-1.0-alpha-7.jar:/home/mgiannini/.m2/repository/org/apache/geronimo/javamail/geronimo-javamail_1.4_provider/1.7/geronimo-javamail_1.4_provider-1.7.jar:/home/mgiannini/.m2/repository/org/apache/geronimo/specs/geronimo-javamail_1.4_spec/1.7/geronimo-javamail_1.4_spec-1.7.jar:/home/mgiannini/.m2/repository/org/apache/geronimo/javamail/geronimo-javamail_1.4_mail/1.7/geronimo-javamail_1.4_mail-1.7.jar:/home/mgiannini/.m2/repository/org/codehaus/plexus/plexus-mail-sender-javamail/1.0-alpha-7/plexus-mail-sender-javamail-1.0-alpha-7.jar:/home/mgiannini/.m2/repository/javax/mail/mail/1.4/mail-1.4.jar:/home/mgiannini/.m2/repository/javax/activation/activation/1.1/activation-1.1.jar:/home/mgiannini/.m2/repository/org/codehaus/plexus/plexus-mail-sender-simple/1.0-alpha-7/plexus-mail-sender-simple-1.0-alpha-7.jar:/home/mgiannini/.m2/repository/org/codehaus/plexus/plexus-i18n/1.0-beta-7/plexus-i18n-1.0-beta-7.jar:/home/mgiannini/.m2/repository/org/codehaus/plexus/plexus-utils/3.0.24/plexus-utils-3.0.24.jar:/home/mgiannini/.m2/repository/org/codehaus/plexus/plexus-velocity/1.1.8/plexus-velocity-1.1.8.jar:/home/mgiannini/.m2/repository/commons-collections/commons-collections/3.0/commons-collections-3.0.jar:/home/mgiannini/.m2/repository/commons-httpclient/commons-httpclient/3.0.1/commons-httpclient-3.0.1.jar:/home/mgiannini/.m2/repository/commons-lang/commons-lang/2.6/commons-lang-2.6.jar:/home/mgiannini/.m2/repository/org/apache/maven/doxia/doxia-core/1.4/doxia-core-1.4.jar:/home/mgiannini/.m2/repository/org/apache/maven/doxia/doxia-logging-api/1.4/doxia-logging-api-1.4.jar:/home/mgiannini/.m2/repository/org/codehaus/plexus/plexus-component-annotations/1.5.5/plexus-component-annotations-1.5.5.jar:/home/mgiannini/.m2/repository/org/apache/maven/doxia/doxia-module-xhtml/1.4/doxia-module-xhtml-1.4.jar:/home/mgiannini/.m2/repository/org/apache/maven/doxia/doxia-sink-api/1.4/doxia-sink-api-1.4.jar:/home/mgiannini/.m2/repository/org/apache/maven/doxia/doxia-decoration-model/1.4/doxia-decoration-model-1.4.jar:/home/mgiannini/.m2/repository/org/apache/maven/doxia/doxia-site-renderer/1.4/doxia-site-renderer-1.4.jar:/home/mgiannini/.m2/repository/org/apache/maven/doxia/doxia-module-fml/1.4/doxia-module-fml-1.4.jar:/home/mgiannini/.m2/repository/com/fasterxml/jackson/core/jackson-core/2.10.1/jackson-core-2.10.1.jar:/home/mgiannini/.m2/repository/com/fasterxml/jackson/core/jackson-databind/2.10.1/jackson-databind-2.10.1.jar:/home/mgiannini/.m2/repository/org/apache/velocity/velocity/1.7/velocity-1.7.jar:/home/mgiannini/.m2/repository/org/apache/velocity/velocity-tools/2.0/velocity-tools-2.0.jar:/home/mgiannini/.m2/repository/commons-beanutils/commons-beanutils/1.7.0/commons-beanutils-1.7.0.jar:/home/mgiannini/.m2/repository/commons-digester/commons-digester/1.8/commons-digester-1.8.jar:/home/mgiannini/.m2/repository/commons-chain/commons-chain/1.1/commons-chain-1.1.jar:/home/mgiannini/.m2/repository/dom4j/dom4j/1.1/dom4j-1.1.jar:/home/mgiannini/.m2/repository/oro/oro/2.0.8/oro-2.0.8.jar:/home/mgiannini/.m2/repository/sslext/sslext/1.2-0/sslext-1.2-0.jar:/home/mgiannini/.m2/repository/org/apache/struts/struts-core/1.3.8/struts-core-1.3.8.jar:/home/mgiannini/.m2/repository/antlr/antlr/2.7.7/antlr-2.7.7.jar:/home/mgiannini/.m2/repository/org/apache/struts/struts-taglib/1.3.8/struts-taglib-1.3.8.jar:/home/mgiannini/.m2/repository/org/apache/struts/struts-tiles/1.3.8/struts-tiles-1.3.8.jar:/home/mgiannini/.m2/repository/xml-apis/xml-apis/1.3.04/xml-apis-1.3.04.jar:/home/mgiannini/.m2/repository/xerces/xercesImpl/2.9.1/xercesImpl-2.9.1.jar:/home/mgiannini/.m2/repository/org/apache/xmlrpc/xmlrpc-client/3.0/xmlrpc-client-3.0.jar:/home/mgiannini/.m2/repository/org/apache/xmlrpc/xmlrpc-common/3.0/xmlrpc-common-3.0.jar:/home/mgiannini/.m2/repository/org/apache/ws/commons/ws-commons-util/1.0.1/ws-commons-util-1.0.1.jar:/home/mgiannini/.m2/repository/org/eclipse/mylyn/github/org.eclipse.egit.github.core/2.1.5/org.eclipse.egit.github.core-2.1.5.jar:/home/mgiannini/.m2/repository/org/apache/httpcomponents/httpcore/4.4.12/httpcore-4.4.12.jar:/home/mgiannini/.m2/repository/org/apache/httpcomponents/httpclient/4.5.10/httpclient-4.5.10.jar:/home/mgiannini/.m2/repository/rome/rome/1.0/rome-1.0.jar:/home/mgiannini/.m2/repository/jdom/jdom/1.0/jdom-1.0.jar:"/>
    <property name="java.vm.vendor" value="Oracle Corporation"/>
    <property name="sun.arch.data.model" value="64"/>
    <property name="java.vendor.url" value="https://openjdk.java.net/"/>
    <property name="user.timezone" value=""/>
    <property name="java.vm.specification.version" value="11"/>
    <property name="os.name" value="Linux"/>
    <property name="user.country" value="AR"/>
    <property name="sun.java.launcher" value="SUN_STANDARD"/>
    <property name="sun.boot.library.path" value="/usr/lib/jvm/jdk-11-oracle-x64/lib"/>
    <property name="sun.java.command" value="/home/mgiannini/NetBeansProjects/omnited/backend/omnited-red-stream/target/surefire/surefirebooter707637525173214394.jar /home/mgiannini/NetBeansProjects/omnited/backend/omnited-red-stream/target/surefire 2025-03-06T09-16-26_352-jvmRun1 surefire13031774002516822201tmp surefire_07403904130508128213tmp"/>
    <property name="jdk.debug" value="release"/>
    <property name="surefire.test.class.path" value="/home/mgiannini/NetBeansProjects/omnited/backend/omnited-red-stream/target/test-classes:/home/mgiannini/NetBeansProjects/omnited/backend/omnited-red-stream/target/classes:/home/mgiannini/.m2/repository/org/springframework/boot/spring-boot-starter-web/2.2.2.RELEASE/spring-boot-starter-web-2.2.2.RELEASE.jar:/home/mgiannini/.m2/repository/org/springframework/boot/spring-boot-starter/2.2.2.RELEASE/spring-boot-starter-2.2.2.RELEASE.jar:/home/mgiannini/.m2/repository/org/springframework/boot/spring-boot-starter-logging/2.2.2.RELEASE/spring-boot-starter-logging-2.2.2.RELEASE.jar:/home/mgiannini/.m2/repository/ch/qos/logback/logback-classic/1.2.3/logback-classic-1.2.3.jar:/home/mgiannini/.m2/repository/ch/qos/logback/logback-core/1.2.3/logback-core-1.2.3.jar:/home/mgiannini/.m2/repository/org/apache/logging/log4j/log4j-to-slf4j/2.12.1/log4j-to-slf4j-2.12.1.jar:/home/mgiannini/.m2/repository/org/apache/logging/log4j/log4j-api/2.12.1/log4j-api-2.12.1.jar:/home/mgiannini/.m2/repository/org/slf4j/jul-to-slf4j/1.7.29/jul-to-slf4j-1.7.29.jar:/home/mgiannini/.m2/repository/jakarta/annotation/jakarta.annotation-api/1.3.5/jakarta.annotation-api-1.3.5.jar:/home/mgiannini/.m2/repository/org/yaml/snakeyaml/1.25/snakeyaml-1.25.jar:/home/mgiannini/.m2/repository/org/springframework/boot/spring-boot-starter-json/2.2.2.RELEASE/spring-boot-starter-json-2.2.2.RELEASE.jar:/home/mgiannini/.m2/repository/com/fasterxml/jackson/datatype/jackson-datatype-jdk8/2.10.1/jackson-datatype-jdk8-2.10.1.jar:/home/mgiannini/.m2/repository/com/fasterxml/jackson/datatype/jackson-datatype-jsr310/2.10.1/jackson-datatype-jsr310-2.10.1.jar:/home/mgiannini/.m2/repository/com/fasterxml/jackson/module/jackson-module-parameter-names/2.10.1/jackson-module-parameter-names-2.10.1.jar:/home/mgiannini/.m2/repository/org/springframework/boot/spring-boot-starter-tomcat/2.2.2.RELEASE/spring-boot-starter-tomcat-2.2.2.RELEASE.jar:/home/mgiannini/.m2/repository/org/apache/tomcat/embed/tomcat-embed-core/9.0.29/tomcat-embed-core-9.0.29.jar:/home/mgiannini/.m2/repository/org/apache/tomcat/embed/tomcat-embed-el/9.0.29/tomcat-embed-el-9.0.29.jar:/home/mgiannini/.m2/repository/org/apache/tomcat/embed/tomcat-embed-websocket/9.0.29/tomcat-embed-websocket-9.0.29.jar:/home/mgiannini/.m2/repository/org/springframework/boot/spring-boot-starter-validation/2.2.2.RELEASE/spring-boot-starter-validation-2.2.2.RELEASE.jar:/home/mgiannini/.m2/repository/jakarta/validation/jakarta.validation-api/2.0.1/jakarta.validation-api-2.0.1.jar:/home/mgiannini/.m2/repository/org/hibernate/validator/hibernate-validator/6.0.18.Final/hibernate-validator-6.0.18.Final.jar:/home/mgiannini/.m2/repository/org/jboss/logging/jboss-logging/3.4.1.Final/jboss-logging-3.4.1.Final.jar:/home/mgiannini/.m2/repository/org/springframework/spring-webmvc/5.2.2.RELEASE/spring-webmvc-5.2.2.RELEASE.jar:/home/mgiannini/.m2/repository/org/springframework/spring-aop/5.2.2.RELEASE/spring-aop-5.2.2.RELEASE.jar:/home/mgiannini/.m2/repository/org/springframework/spring-expression/5.2.2.RELEASE/spring-expression-5.2.2.RELEASE.jar:/home/mgiannini/.m2/repository/org/springframework/amqp/spring-rabbit/2.2.22.RELEASE/spring-rabbit-2.2.22.RELEASE.jar:/home/mgiannini/.m2/repository/com/rabbitmq/amqp-client/5.7.3/amqp-client-5.7.3.jar:/home/mgiannini/.m2/repository/org/springframework/spring-context/5.2.2.RELEASE/spring-context-5.2.2.RELEASE.jar:/home/mgiannini/.m2/repository/org/springframework/spring-messaging/5.2.2.RELEASE/spring-messaging-5.2.2.RELEASE.jar:/home/mgiannini/.m2/repository/org/springframework/spring-tx/5.2.2.RELEASE/spring-tx-5.2.2.RELEASE.jar:/home/mgiannini/.m2/repository/org/springframework/amqp/spring-amqp/2.2.22.RELEASE/spring-amqp-2.2.22.RELEASE.jar:/home/mgiannini/.m2/repository/org/springframework/retry/spring-retry/1.2.4.RELEASE/spring-retry-1.2.4.RELEASE.jar:/home/mgiannini/.m2/repository/org/springframework/spring-core/5.2.2.RELEASE/spring-core-5.2.2.RELEASE.jar:/home/mgiannini/.m2/repository/org/springframework/spring-jcl/5.2.2.RELEASE/spring-jcl-5.2.2.RELEASE.jar:/home/mgiannini/.m2/repository/org/modelmapper/modelmapper/2.4.2/modelmapper-2.4.2.jar:/home/mgiannini/.m2/repository/com/google/protobuf/protobuf-java/3.20.1/protobuf-java-3.20.1.jar:/home/mgiannini/.m2/repository/coop/bancocredicoop/proyectos/common/java-common-healthcheck/1.0.0-03/java-common-healthcheck-1.0.0-03.jar:/home/mgiannini/.m2/repository/coop/bancocredicoop/common/java-common-domain/6.4.9-00/java-common-domain-6.4.9-00.jar:/home/mgiannini/.m2/repository/org/ektorp/org.ektorp/1.4.2/org.ektorp-1.4.2.jar:/home/mgiannini/.m2/repository/org/apache/httpcomponents/httpclient-cache/4.5.10/httpclient-cache-4.5.10.jar:/home/mgiannini/.m2/repository/net/sourceforge/findbugs/annotations/1.3.2/annotations-1.3.2.jar:/home/mgiannini/.m2/repository/com/fasterxml/jackson/core/jackson-annotations/2.10.1/jackson-annotations-2.10.1.jar:/home/mgiannini/.m2/repository/cglib/cglib-nodep/2.1_3/cglib-nodep-2.1_3.jar:/home/mgiannini/.m2/repository/junit/junit/4.12/junit-4.12.jar:/home/mgiannini/.m2/repository/org/hamcrest/hamcrest-core/2.1/hamcrest-core-2.1.jar:/home/mgiannini/.m2/repository/org/hamcrest/hamcrest/2.1/hamcrest-2.1.jar:/home/mgiannini/.m2/repository/com/thoughtworks/xstream/xstream/1.3.1/xstream-1.3.1.jar:/home/mgiannini/.m2/repository/xpp3/xpp3_min/1.1.4c/xpp3_min-1.1.4c.jar:/home/mgiannini/.m2/repository/jaxen/jaxen/1.2.0/jaxen-1.2.0.jar:/home/mgiannini/.m2/repository/org/hibernate/javax/persistence/hibernate-jpa-2.1-api/1.0.0.Final/hibernate-jpa-2.1-api-1.0.0.Final.jar:/home/mgiannini/.m2/repository/org/hibernate/hibernate-entitymanager/5.4.9.Final/hibernate-entitymanager-5.4.9.Final.jar:/home/mgiannini/.m2/repository/org/hibernate/hibernate-core/5.4.9.Final/hibernate-core-5.4.9.Final.jar:/home/mgiannini/.m2/repository/org/javassist/javassist/3.24.0-GA/javassist-3.24.0-GA.jar:/home/mgiannini/.m2/repository/org/jboss/jandex/2.1.1.Final/jandex-2.1.1.Final.jar:/home/mgiannini/.m2/repository/org/dom4j/dom4j/2.1.1/dom4j-2.1.1.jar:/home/mgiannini/.m2/repository/org/hibernate/common/hibernate-commons-annotations/5.1.0.Final/hibernate-commons-annotations-5.1.0.Final.jar:/home/mgiannini/.m2/repository/javax/persistence/javax.persistence-api/2.2/javax.persistence-api-2.2.jar:/home/mgiannini/.m2/repository/org/jboss/spec/javax/transaction/jboss-transaction-api_1.2_spec/1.1.1.Final/jboss-transaction-api_1.2_spec-1.1.1.Final.jar:/home/mgiannini/.m2/repository/mysql/mysql-connector-java/8.0.18/mysql-connector-java-8.0.18.jar:/home/mgiannini/.m2/repository/hsqldb/hsqldb/1.8.0.7/hsqldb-1.8.0.7.jar:/home/mgiannini/.m2/repository/com/oracle/driver/ojdbc/14/ojdbc-14.jar:/home/mgiannini/.m2/repository/log4j/log4j/1.2.17/log4j-1.2.17.jar:/home/mgiannini/.m2/repository/org/springframework/boot/spring-boot/2.2.2.RELEASE/spring-boot-2.2.2.RELEASE.jar:/home/mgiannini/.m2/repository/io/springfox/springfox-core/2.9.2/springfox-core-2.9.2.jar:/home/mgiannini/.m2/repository/net/bytebuddy/byte-buddy/1.10.4/byte-buddy-1.10.4.jar:/home/mgiannini/.m2/repository/coop/bancocredicoop/proyectos/common/java-common-ms-configuration/2.0.3-03/java-common-ms-configuration-2.0.3-03.jar:/home/mgiannini/.m2/repository/coop/bancocredicoop/proyectos/common/java-common-ms-logging/1.0.7-02/java-common-ms-logging-1.0.7-02.jar:/home/mgiannini/.m2/repository/org/apache/ws/security/wss4j/1.6.19/wss4j-1.6.19.jar:/home/mgiannini/.m2/repository/commons-logging/commons-logging/1.1.1/commons-logging-1.1.1.jar:/home/mgiannini/.m2/repository/org/apache/santuario/xmlsec/1.5.8/xmlsec-1.5.8.jar:/home/mgiannini/.m2/repository/org/opensaml/opensaml/2.5.1-1/opensaml-2.5.1-1.jar:/home/mgiannini/.m2/repository/org/opensaml/openws/1.4.2-1/openws-1.4.2-1.jar:/home/mgiannini/.m2/repository/org/opensaml/xmltooling/1.3.2-1/xmltooling-1.3.2-1.jar:/home/mgiannini/.m2/repository/org/apache/cxf/cxf-rt-frontend-jaxrs/3.3.3/cxf-rt-frontend-jaxrs-3.3.3.jar:/home/mgiannini/.m2/repository/org/apache/cxf/cxf-core/3.3.3/cxf-core-3.3.3.jar:/home/mgiannini/.m2/repository/org/glassfish/jaxb/jaxb-runtime/2.3.2/jaxb-runtime-2.3.2.jar:/home/mgiannini/.m2/repository/org/glassfish/jaxb/txw2/2.3.2/txw2-2.3.2.jar:/home/mgiannini/.m2/repository/com/sun/istack/istack-commons-runtime/3.0.8/istack-commons-runtime-3.0.8.jar:/home/mgiannini/.m2/repository/com/sun/xml/fastinfoset/FastInfoset/1.2.16/FastInfoset-1.2.16.jar:/home/mgiannini/.m2/repository/com/fasterxml/woodstox/woodstox-core/5.0.3/woodstox-core-5.0.3.jar:/home/mgiannini/.m2/repository/org/codehaus/woodstox/stax2-api/3.1.4/stax2-api-3.1.4.jar:/home/mgiannini/.m2/repository/org/apache/ws/xmlschema/xmlschema-core/2.2.4/xmlschema-core-2.2.4.jar:/home/mgiannini/.m2/repository/jakarta/xml/bind/jakarta.xml.bind-api/2.3.2/jakarta.xml.bind-api-2.3.2.jar:/home/mgiannini/.m2/repository/jakarta/ws/rs/jakarta.ws.rs-api/2.1.6/jakarta.ws.rs-api-2.1.6.jar:/home/mgiannini/.m2/repository/javax/annotation/javax.annotation-api/1.3.2/javax.annotation-api-1.3.2.jar:/home/mgiannini/.m2/repository/org/apache/cxf/cxf-rt-transports-http/3.3.3/cxf-rt-transports-http-3.3.3.jar:/home/mgiannini/.m2/repository/org/apache/cxf/cxf-rt-security/3.3.3/cxf-rt-security-3.3.3.jar:/home/mgiannini/.m2/repository/javax/xml/ws/jaxws-api/2.3.1/jaxws-api-2.3.1.jar:/home/mgiannini/.m2/repository/javax/xml/soap/javax.xml.soap-api/1.4.0/javax.xml.soap-api-1.4.0.jar:/home/mgiannini/.m2/repository/com/sun/activation/javax.activation/1.2.0/javax.activation-1.2.0.jar:/home/mgiannini/.m2/repository/org/apache/geronimo/specs/geronimo-ws-metadata_2.0_spec/1.1.3/geronimo-ws-metadata_2.0_spec-1.1.3.jar:/home/mgiannini/.m2/repository/com/sun/xml/messaging/saaj/saaj-impl/1.5.1/saaj-impl-1.5.1.jar:/home/mgiannini/.m2/repository/jakarta/activation/jakarta.activation-api/1.2.1/jakarta.activation-api-1.2.1.jar:/home/mgiannini/.m2/repository/jakarta/xml/soap/jakarta.xml.soap-api/1.4.1/jakarta.xml.soap-api-1.4.1.jar:/home/mgiannini/.m2/repository/org/jvnet/mimepull/mimepull/1.9.12/mimepull-1.9.12.jar:/home/mgiannini/.m2/repository/org/jvnet/staxex/stax-ex/1.8.1/stax-ex-1.8.1.jar:/home/mgiannini/.m2/repository/org/jacorb/jacorb-omgapi/3.7/jacorb-omgapi-3.7.jar:/home/mgiannini/.m2/repository/org/apache/geronimo/specs/geronimo-jta_1.1_spec/1.1.1/geronimo-jta_1.1_spec-1.1.1.jar:/home/mgiannini/.m2/repository/org/jboss/spec/javax/rmi/jboss-rmi-api_1.0_spec/1.0.6.Final/jboss-rmi-api_1.0_spec-1.0.6.Final.jar:/home/mgiannini/.m2/repository/org/springframework/spring-web/5.2.2.RELEASE/spring-web-5.2.2.RELEASE.jar:/home/mgiannini/.m2/repository/org/springframework/spring-beans/5.2.2.RELEASE/spring-beans-5.2.2.RELEASE.jar:/home/mgiannini/.m2/repository/org/springframework/boot/spring-boot-autoconfigure/2.2.2.RELEASE/spring-boot-autoconfigure-2.2.2.RELEASE.jar:/home/mgiannini/.m2/repository/org/springframework/boot/spring-boot-test/2.2.2.RELEASE/spring-boot-test-2.2.2.RELEASE.jar:/home/mgiannini/.m2/repository/org/springframework/spring-test/5.2.2.RELEASE/spring-test-5.2.2.RELEASE.jar:/home/mgiannini/.m2/repository/org/springframework/boot/spring-boot-starter-actuator/2.2.2.RELEASE/spring-boot-starter-actuator-2.2.2.RELEASE.jar:/home/mgiannini/.m2/repository/org/springframework/boot/spring-boot-actuator-autoconfigure/2.2.2.RELEASE/spring-boot-actuator-autoconfigure-2.2.2.RELEASE.jar:/home/mgiannini/.m2/repository/org/springframework/boot/spring-boot-actuator/2.2.2.RELEASE/spring-boot-actuator-2.2.2.RELEASE.jar:/home/mgiannini/.m2/repository/io/micrometer/micrometer-core/1.3.1/micrometer-core-1.3.1.jar:/home/mgiannini/.m2/repository/org/hdrhistogram/HdrHistogram/2.1.11/HdrHistogram-2.1.11.jar:/home/mgiannini/.m2/repository/org/latencyutils/LatencyUtils/2.0.3/LatencyUtils-2.0.3.jar:/home/mgiannini/.m2/repository/io/springfox/springfox-swagger2/2.9.2/springfox-swagger2-2.9.2.jar:/home/mgiannini/.m2/repository/io/swagger/swagger-annotations/1.5.20/swagger-annotations-1.5.20.jar:/home/mgiannini/.m2/repository/io/swagger/swagger-models/1.5.20/swagger-models-1.5.20.jar:/home/mgiannini/.m2/repository/io/springfox/springfox-spi/2.9.2/springfox-spi-2.9.2.jar:/home/mgiannini/.m2/repository/io/springfox/springfox-schema/2.9.2/springfox-schema-2.9.2.jar:/home/mgiannini/.m2/repository/io/springfox/springfox-swagger-common/2.9.2/springfox-swagger-common-2.9.2.jar:/home/mgiannini/.m2/repository/io/springfox/springfox-spring-web/2.9.2/springfox-spring-web-2.9.2.jar:/home/mgiannini/.m2/repository/com/google/guava/guava/20.0/guava-20.0.jar:/home/mgiannini/.m2/repository/com/fasterxml/classmate/1.5.1/classmate-1.5.1.jar:/home/mgiannini/.m2/repository/org/slf4j/slf4j-api/1.7.29/slf4j-api-1.7.29.jar:/home/mgiannini/.m2/repository/org/springframework/plugin/spring-plugin-core/1.2.0.RELEASE/spring-plugin-core-1.2.0.RELEASE.jar:/home/mgiannini/.m2/repository/org/springframework/plugin/spring-plugin-metadata/1.2.0.RELEASE/spring-plugin-metadata-1.2.0.RELEASE.jar:/home/mgiannini/.m2/repository/org/mapstruct/mapstruct/1.2.0.Final/mapstruct-1.2.0.Final.jar:/home/mgiannini/.m2/repository/io/springfox/springfox-swagger-ui/2.9.2/springfox-swagger-ui-2.9.2.jar:/home/mgiannini/.m2/repository/com/google/collections/google-collections/1.0/google-collections-1.0.jar:/home/mgiannini/.m2/repository/org/mock-server/mockserver-netty/5.12.0-BCCL/mockserver-netty-5.12.0-BCCL.jar:/home/mgiannini/.m2/repository/org/mock-server/mockserver-core/5.12.0-BCCL/mockserver-core-5.12.0-BCCL.jar:/home/mgiannini/.m2/repository/com/lmax/disruptor/3.4.2/disruptor-3.4.2.jar:/home/mgiannini/.m2/repository/javax/servlet/javax.servlet-api/4.0.1/javax.servlet-api-4.0.1.jar:/home/mgiannini/.m2/repository/io/netty/netty-codec-socks/4.1.43.Final/netty-codec-socks-4.1.43.Final.jar:/home/mgiannini/.m2/repository/io/netty/netty-handler-proxy/4.1.43.Final/netty-handler-proxy-4.1.43.Final.jar:/home/mgiannini/.m2/repository/com/jcraft/jzlib/1.1.3/jzlib-1.1.3.jar:/home/mgiannini/.m2/repository/com/fasterxml/uuid/java-uuid-generator/4.0.1/java-uuid-generator-4.0.1.jar:/home/mgiannini/.m2/repository/org/apache/velocity/velocity-engine-scripting/2.2/velocity-engine-scripting-2.2.jar:/home/mgiannini/.m2/repository/org/apache/velocity/velocity-engine-core/2.2/velocity-engine-core-2.2.jar:/home/mgiannini/.m2/repository/com/googlecode/json-simple/json-simple/1.1.1/json-simple-1.1.1.jar:/home/mgiannini/.m2/repository/net/javacrumbs/json-unit/json-unit-core/2.22.0/json-unit-core-2.22.0.jar:/home/mgiannini/.m2/repository/com/github/java-json-tools/json-schema-validator/2.2.14/json-schema-validator-2.2.14.jar:/home/mgiannini/.m2/repository/com/github/java-json-tools/jackson-coreutils-equivalence/1.0/jackson-coreutils-equivalence-1.0.jar:/home/mgiannini/.m2/repository/com/github/java-json-tools/jackson-coreutils/2.0/jackson-coreutils-2.0.jar:/home/mgiannini/.m2/repository/com/github/java-json-tools/msg-simple/1.2/msg-simple-1.2.jar:/home/mgiannini/.m2/repository/com/github/java-json-tools/btf/1.3/btf-1.3.jar:/home/mgiannini/.m2/repository/com/github/java-json-tools/json-schema-core/1.2.14/json-schema-core-1.2.14.jar:/home/mgiannini/.m2/repository/com/github/java-json-tools/uri-template/0.10/uri-template-0.10.jar:/home/mgiannini/.m2/repository/org/mozilla/rhino/1.7.7.2/rhino-1.7.7.2.jar:/home/mgiannini/.m2/repository/com/sun/mail/mailapi/1.6.2/mailapi-1.6.2.jar:/home/mgiannini/.m2/repository/joda-time/joda-time/2.10.5/joda-time-2.10.5.jar:/home/mgiannini/.m2/repository/com/googlecode/libphonenumber/libphonenumber/8.11.1/libphonenumber-8.11.1.jar:/home/mgiannini/.m2/repository/com/google/code/findbugs/jsr305/3.0.2/jsr305-3.0.2.jar:/home/mgiannini/.m2/repository/net/sf/jopt-simple/jopt-simple/5.0.4/jopt-simple-5.0.4.jar:/home/mgiannini/.m2/repository/com/jayway/jsonpath/json-path/2.4.0/json-path-2.4.0.jar:/home/mgiannini/.m2/repository/net/minidev/json-smart/2.3/json-smart-2.3.jar:/home/mgiannini/.m2/repository/net/minidev/accessors-smart/1.2/accessors-smart-1.2.jar:/home/mgiannini/.m2/repository/org/ow2/asm/asm/5.0.4/asm-5.0.4.jar:/home/mgiannini/.m2/repository/io/swagger/parser/v3/swagger-parser/2.0.23/swagger-parser-2.0.23.jar:/home/mgiannini/.m2/repository/io/swagger/parser/v3/swagger-parser-v2-converter/2.0.23/swagger-parser-v2-converter-2.0.23.jar:/home/mgiannini/.m2/repository/io/swagger/swagger-core/1.6.2/swagger-core-1.6.2.jar:/home/mgiannini/.m2/repository/javax/validation/validation-api/2.0.1.Final/validation-api-2.0.1.Final.jar:/home/mgiannini/.m2/repository/io/swagger/swagger-parser/1.0.52/swagger-parser-1.0.52.jar:/home/mgiannini/.m2/repository/org/slf4j/slf4j-ext/1.7.29/slf4j-ext-1.7.29.jar:/home/mgiannini/.m2/repository/io/swagger/swagger-compat-spec-parser/1.0.52/swagger-compat-spec-parser-1.0.52.jar:/home/mgiannini/.m2/repository/io/swagger/core/v3/swagger-models/2.1.5/swagger-models-2.1.5.jar:/home/mgiannini/.m2/repository/io/swagger/parser/v3/swagger-parser-core/2.0.23/swagger-parser-core-2.0.23.jar:/home/mgiannini/.m2/repository/io/swagger/parser/v3/swagger-parser-v3/2.0.23/swagger-parser-v3-2.0.23.jar:/home/mgiannini/.m2/repository/io/swagger/core/v3/swagger-core/2.1.5/swagger-core-2.1.5.jar:/home/mgiannini/.m2/repository/io/swagger/core/v3/swagger-annotations/2.1.5/swagger-annotations-2.1.5.jar:/home/mgiannini/.m2/repository/com/fasterxml/jackson/dataformat/jackson-dataformat-yaml/2.10.1/jackson-dataformat-yaml-2.10.1.jar:/home/mgiannini/.m2/repository/javax/xml/bind/jaxb-api/2.3.1/jaxb-api-2.3.1.jar:/home/mgiannini/.m2/repository/javax/activation/javax.activation-api/1.2.0/javax.activation-api-1.2.0.jar:/home/mgiannini/.m2/repository/org/xmlunit/xmlunit-core/2.6.3/xmlunit-core-2.6.3.jar:/home/mgiannini/.m2/repository/org/xmlunit/xmlunit-placeholders/2.6.3/xmlunit-placeholders-2.6.3.jar:/home/mgiannini/.m2/repository/org/apache/commons/commons-text/1.9/commons-text-1.9.jar:/home/mgiannini/.m2/repository/commons-codec/commons-codec/1.13/commons-codec-1.13.jar:/home/mgiannini/.m2/repository/com/google/code/gson/gson/2.8.6/gson-2.8.6.jar:/home/mgiannini/.m2/repository/io/netty/netty-buffer/4.1.43.Final/netty-buffer-4.1.43.Final.jar:/home/mgiannini/.m2/repository/io/netty/netty-codec/4.1.43.Final/netty-codec-4.1.43.Final.jar:/home/mgiannini/.m2/repository/io/netty/netty-codec-http/4.1.43.Final/netty-codec-http-4.1.43.Final.jar:/home/mgiannini/.m2/repository/io/netty/netty-common/4.1.43.Final/netty-common-4.1.43.Final.jar:/home/mgiannini/.m2/repository/io/netty/netty-handler/4.1.43.Final/netty-handler-4.1.43.Final.jar:/home/mgiannini/.m2/repository/io/netty/netty-transport/4.1.43.Final/netty-transport-4.1.43.Final.jar:/home/mgiannini/.m2/repository/io/netty/netty-resolver/4.1.43.Final/netty-resolver-4.1.43.Final.jar:/home/mgiannini/.m2/repository/commons-io/commons-io/2.8.0/commons-io-2.8.0.jar:/home/mgiannini/.m2/repository/org/mock-server/mockserver-client-java/5.12.0-BCCL/mockserver-client-java-5.12.0-BCCL.jar:/home/mgiannini/.m2/repository/org/apache/commons/commons-lang3/3.9/commons-lang3-3.9.jar:/home/mgiannini/.m2/repository/org/junit/jupiter/junit-jupiter/5.5.2/junit-jupiter-5.5.2.jar:/home/mgiannini/.m2/repository/org/junit/jupiter/junit-jupiter-params/5.5.2/junit-jupiter-params-5.5.2.jar:/home/mgiannini/.m2/repository/org/junit/jupiter/junit-jupiter-engine/5.5.2/junit-jupiter-engine-5.5.2.jar:/home/mgiannini/.m2/repository/org/junit/platform/junit-platform-engine/1.5.2/junit-platform-engine-1.5.2.jar:/home/mgiannini/.m2/repository/org/junit/jupiter/junit-jupiter-api/5.5.2/junit-jupiter-api-5.5.2.jar:/home/mgiannini/.m2/repository/org/apiguardian/apiguardian-api/1.1.0/apiguardian-api-1.1.0.jar:/home/mgiannini/.m2/repository/org/opentest4j/opentest4j/1.2.0/opentest4j-1.2.0.jar:/home/mgiannini/.m2/repository/org/junit/platform/junit-platform-commons/1.5.2/junit-platform-commons-1.5.2.jar:/home/mgiannini/.m2/repository/org/apache/maven/plugins/maven-changes-plugin/2.12.1/maven-changes-plugin-2.12.1.jar:/home/mgiannini/.m2/repository/org/apache/maven/maven-core/2.2.1/maven-core-2.2.1.jar:/home/mgiannini/.m2/repository/org/apache/maven/wagon/wagon-file/1.0-beta-6/wagon-file-1.0-beta-6.jar:/home/mgiannini/.m2/repository/org/apache/maven/maven-plugin-parameter-documenter/2.2.1/maven-plugin-parameter-documenter-2.2.1.jar:/home/mgiannini/.m2/repository/org/apache/maven/wagon/wagon-http-lightweight/1.0-beta-6/wagon-http-lightweight-1.0-beta-6.jar:/home/mgiannini/.m2/repository/org/apache/maven/wagon/wagon-http-shared/1.0-beta-6/wagon-http-shared-1.0-beta-6.jar:/home/mgiannini/.m2/repository/nekohtml/xercesMinimal/1.9.6.2/xercesMinimal-1.9.6.2.jar:/home/mgiannini/.m2/repository/nekohtml/nekohtml/1.9.6.2/nekohtml-1.9.6.2.jar:/home/mgiannini/.m2/repository/org/apache/maven/wagon/wagon-http/1.0-beta-6/wagon-http-1.0-beta-6.jar:/home/mgiannini/.m2/repository/org/apache/maven/wagon/wagon-webdav-jackrabbit/1.0-beta-6/wagon-webdav-jackrabbit-1.0-beta-6.jar:/home/mgiannini/.m2/repository/org/apache/jackrabbit/jackrabbit-webdav/1.5.0/jackrabbit-webdav-1.5.0.jar:/home/mgiannini/.m2/repository/org/apache/jackrabbit/jackrabbit-jcr-commons/1.5.0/jackrabbit-jcr-commons-1.5.0.jar:/home/mgiannini/.m2/repository/org/slf4j/jcl-over-slf4j/1.7.29/jcl-over-slf4j-1.7.29.jar:/home/mgiannini/.m2/repository/org/apache/maven/maven-profile/2.2.1/maven-profile-2.2.1.jar:/home/mgiannini/.m2/repository/org/apache/maven/wagon/wagon-provider-api/1.0-beta-6/wagon-provider-api-1.0-beta-6.jar:/home/mgiannini/.m2/repository/org/codehaus/plexus/plexus-container-default/1.0-alpha-9-stable-1/plexus-container-default-1.0-alpha-9-stable-1.jar:/home/mgiannini/.m2/repository/org/apache/maven/maven-repository-metadata/2.2.1/maven-repository-metadata-2.2.1.jar:/home/mgiannini/.m2/repository/org/apache/maven/maven-error-diagnostics/2.2.1/maven-error-diagnostics-2.2.1.jar:/home/mgiannini/.m2/repository/commons-cli/commons-cli/1.2/commons-cli-1.2.jar:/home/mgiannini/.m2/repository/org/apache/maven/wagon/wagon-ssh-external/1.0-beta-6/wagon-ssh-external-1.0-beta-6.jar:/home/mgiannini/.m2/repository/org/apache/maven/wagon/wagon-ssh-common/1.0-beta-6/wagon-ssh-common-1.0-beta-6.jar:/home/mgiannini/.m2/repository/org/apache/maven/maven-plugin-descriptor/2.2.1/maven-plugin-descriptor-2.2.1.jar:/home/mgiannini/.m2/repository/org/codehaus/plexus/plexus-interactivity-api/1.0-alpha-4/plexus-interactivity-api-1.0-alpha-4.jar:/home/mgiannini/.m2/repository/org/apache/maven/maven-artifact-manager/2.2.1/maven-artifact-manager-2.2.1.jar:/home/mgiannini/.m2/repository/backport-util-concurrent/backport-util-concurrent/3.1/backport-util-concurrent-3.1.jar:/home/mgiannini/.m2/repository/org/apache/maven/maven-monitor/2.2.1/maven-monitor-2.2.1.jar:/home/mgiannini/.m2/repository/org/apache/maven/wagon/wagon-ssh/1.0-beta-6/wagon-ssh-1.0-beta-6.jar:/home/mgiannini/.m2/repository/com/jcraft/jsch/0.1.38/jsch-0.1.38.jar:/home/mgiannini/.m2/repository/classworlds/classworlds/1.1/classworlds-1.1.jar:/home/mgiannini/.m2/repository/org/sonatype/plexus/plexus-sec-dispatcher/1.3/plexus-sec-dispatcher-1.3.jar:/home/mgiannini/.m2/repository/org/sonatype/plexus/plexus-cipher/1.4/plexus-cipher-1.4.jar:/home/mgiannini/.m2/repository/org/apache/maven/maven-artifact/2.2.1/maven-artifact-2.2.1.jar:/home/mgiannini/.m2/repository/org/apache/maven/maven-model/2.2.1/maven-model-2.2.1.jar:/home/mgiannini/.m2/repository/org/apache/maven/maven-plugin-api/2.2.1/maven-plugin-api-2.2.1.jar:/home/mgiannini/.m2/repository/org/apache/maven/maven-project/2.2.1/maven-project-2.2.1.jar:/home/mgiannini/.m2/repository/org/apache/maven/maven-plugin-registry/2.2.1/maven-plugin-registry-2.2.1.jar:/home/mgiannini/.m2/repository/org/apache/maven/maven-settings/2.2.1/maven-settings-2.2.1.jar:/home/mgiannini/.m2/repository/org/apache/maven/reporting/maven-reporting-api/3.0/maven-reporting-api-3.0.jar:/home/mgiannini/.m2/repository/org/apache/maven/reporting/maven-reporting-impl/2.3/maven-reporting-impl-2.3.jar:/home/mgiannini/.m2/repository/org/apache/maven/shared/maven-shared-utils/0.6/maven-shared-utils-0.6.jar:/home/mgiannini/.m2/repository/commons-validator/commons-validator/1.3.1/commons-validator-1.3.1.jar:/home/mgiannini/.m2/repository/org/apache/maven/shared/maven-filtering/1.3/maven-filtering-1.3.jar:/home/mgiannini/.m2/repository/org/sonatype/plexus/plexus-build-api/0.0.4/plexus-build-api-0.0.4.jar:/home/mgiannini/.m2/repository/org/codehaus/plexus/plexus-interpolation/1.21/plexus-interpolation-1.21.jar:/home/mgiannini/.m2/repository/org/codehaus/plexus/plexus-mail-sender-api/1.0-alpha-7/plexus-mail-sender-api-1.0-alpha-7.jar:/home/mgiannini/.m2/repository/org/apache/geronimo/javamail/geronimo-javamail_1.4_provider/1.7/geronimo-javamail_1.4_provider-1.7.jar:/home/mgiannini/.m2/repository/org/apache/geronimo/specs/geronimo-javamail_1.4_spec/1.7/geronimo-javamail_1.4_spec-1.7.jar:/home/mgiannini/.m2/repository/org/apache/geronimo/javamail/geronimo-javamail_1.4_mail/1.7/geronimo-javamail_1.4_mail-1.7.jar:/home/mgiannini/.m2/repository/org/codehaus/plexus/plexus-mail-sender-javamail/1.0-alpha-7/plexus-mail-sender-javamail-1.0-alpha-7.jar:/home/mgiannini/.m2/repository/javax/mail/mail/1.4/mail-1.4.jar:/home/mgiannini/.m2/repository/javax/activation/activation/1.1/activation-1.1.jar:/home/mgiannini/.m2/repository/org/codehaus/plexus/plexus-mail-sender-simple/1.0-alpha-7/plexus-mail-sender-simple-1.0-alpha-7.jar:/home/mgiannini/.m2/repository/org/codehaus/plexus/plexus-i18n/1.0-beta-7/plexus-i18n-1.0-beta-7.jar:/home/mgiannini/.m2/repository/org/codehaus/plexus/plexus-utils/3.0.24/plexus-utils-3.0.24.jar:/home/mgiannini/.m2/repository/org/codehaus/plexus/plexus-velocity/1.1.8/plexus-velocity-1.1.8.jar:/home/mgiannini/.m2/repository/commons-collections/commons-collections/3.0/commons-collections-3.0.jar:/home/mgiannini/.m2/repository/commons-httpclient/commons-httpclient/3.0.1/commons-httpclient-3.0.1.jar:/home/mgiannini/.m2/repository/commons-lang/commons-lang/2.6/commons-lang-2.6.jar:/home/mgiannini/.m2/repository/org/apache/maven/doxia/doxia-core/1.4/doxia-core-1.4.jar:/home/mgiannini/.m2/repository/org/apache/maven/doxia/doxia-logging-api/1.4/doxia-logging-api-1.4.jar:/home/mgiannini/.m2/repository/org/codehaus/plexus/plexus-component-annotations/1.5.5/plexus-component-annotations-1.5.5.jar:/home/mgiannini/.m2/repository/org/apache/maven/doxia/doxia-module-xhtml/1.4/doxia-module-xhtml-1.4.jar:/home/mgiannini/.m2/repository/org/apache/maven/doxia/doxia-sink-api/1.4/doxia-sink-api-1.4.jar:/home/mgiannini/.m2/repository/org/apache/maven/doxia/doxia-decoration-model/1.4/doxia-decoration-model-1.4.jar:/home/mgiannini/.m2/repository/org/apache/maven/doxia/doxia-site-renderer/1.4/doxia-site-renderer-1.4.jar:/home/mgiannini/.m2/repository/org/apache/maven/doxia/doxia-module-fml/1.4/doxia-module-fml-1.4.jar:/home/mgiannini/.m2/repository/com/fasterxml/jackson/core/jackson-core/2.10.1/jackson-core-2.10.1.jar:/home/mgiannini/.m2/repository/com/fasterxml/jackson/core/jackson-databind/2.10.1/jackson-databind-2.10.1.jar:/home/mgiannini/.m2/repository/org/apache/velocity/velocity/1.7/velocity-1.7.jar:/home/mgiannini/.m2/repository/org/apache/velocity/velocity-tools/2.0/velocity-tools-2.0.jar:/home/mgiannini/.m2/repository/commons-beanutils/commons-beanutils/1.7.0/commons-beanutils-1.7.0.jar:/home/mgiannini/.m2/repository/commons-digester/commons-digester/1.8/commons-digester-1.8.jar:/home/mgiannini/.m2/repository/commons-chain/commons-chain/1.1/commons-chain-1.1.jar:/home/mgiannini/.m2/repository/dom4j/dom4j/1.1/dom4j-1.1.jar:/home/mgiannini/.m2/repository/oro/oro/2.0.8/oro-2.0.8.jar:/home/mgiannini/.m2/repository/sslext/sslext/1.2-0/sslext-1.2-0.jar:/home/mgiannini/.m2/repository/org/apache/struts/struts-core/1.3.8/struts-core-1.3.8.jar:/home/mgiannini/.m2/repository/antlr/antlr/2.7.7/antlr-2.7.7.jar:/home/mgiannini/.m2/repository/org/apache/struts/struts-taglib/1.3.8/struts-taglib-1.3.8.jar:/home/mgiannini/.m2/repository/org/apache/struts/struts-tiles/1.3.8/struts-tiles-1.3.8.jar:/home/mgiannini/.m2/repository/xml-apis/xml-apis/1.3.04/xml-apis-1.3.04.jar:/home/mgiannini/.m2/repository/xerces/xercesImpl/2.9.1/xercesImpl-2.9.1.jar:/home/mgiannini/.m2/repository/org/apache/xmlrpc/xmlrpc-client/3.0/xmlrpc-client-3.0.jar:/home/mgiannini/.m2/repository/org/apache/xmlrpc/xmlrpc-common/3.0/xmlrpc-common-3.0.jar:/home/mgiannini/.m2/repository/org/apache/ws/commons/ws-commons-util/1.0.1/ws-commons-util-1.0.1.jar:/home/mgiannini/.m2/repository/org/eclipse/mylyn/github/org.eclipse.egit.github.core/2.1.5/org.eclipse.egit.github.core-2.1.5.jar:/home/mgiannini/.m2/repository/org/apache/httpcomponents/httpcore/4.4.12/httpcore-4.4.12.jar:/home/mgiannini/.m2/repository/org/apache/httpcomponents/httpclient/4.5.10/httpclient-4.5.10.jar:/home/mgiannini/.m2/repository/rome/rome/1.0/rome-1.0.jar:/home/mgiannini/.m2/repository/jdom/jdom/1.0/jdom-1.0.jar:"/>
    <property name="sun.cpu.endian" value="little"/>
    <property name="user.home" value="/home/mgiannini"/>
    <property name="user.language" value="es"/>
    <property name="java.specification.vendor" value="Oracle Corporation"/>
    <property name="java.version.date" value="2024-04-16"/>
    <property name="java.home" value="/usr/lib/jvm/jdk-11-oracle-x64"/>
    <property name="file.separator" value="/"/>
    <property name="basedir" value="/home/mgiannini/NetBeansProjects/omnited/backend/omnited-red-stream"/>
    <property name="java.vm.compressedOopsMode" value="Zero based"/>
    <property name="line.separator" value="&#10;"/>
    <property name="java.specification.name" value="Java Platform API Specification"/>
    <property name="java.vm.specification.vendor" value="Oracle Corporation"/>
    <property name="java.awt.graphicsenv" value="sun.awt.X11GraphicsEnvironment"/>
    <property name="surefire.real.class.path" value="/home/mgiannini/NetBeansProjects/omnited/backend/omnited-red-stream/target/surefire/surefirebooter707637525173214394.jar"/>
    <property name="sun.management.compiler" value="HotSpot 64-Bit Tiered Compilers"/>
    <property name="java.runtime.version" value="11.0.23+7-LTS-222"/>
    <property name="user.name" value="mgiannini"/>
    <property name="path.separator" value=":"/>
    <property name="os.version" value="6.1.0-28-amd64"/>
    <property name="java.runtime.name" value="Java(TM) SE Runtime Environment"/>
    <property name="file.encoding" value="UTF-8"/>
    <property name="java.vm.name" value="Java HotSpot(TM) 64-Bit Server VM"/>
    <property name="java.vendor.version" value="18.9"/>
    <property name="maven.ext.class.path" value="/usr/lib/apache-netbeans/java/maven-nblib/netbeans-eventspy.jar"/>
    <property name="localRepository" value="/home/mgiannini/.m2/repository"/>
    <property name="java.vendor.url.bug" value="https://bugreport.java.com/bugreport/"/>
    <property name="java.io.tmpdir" value="/tmp"/>
    <property name="java.version" value="11.0.23"/>
    <property name="user.dir" value="/home/mgiannini/NetBeansProjects/omnited/backend/omnited-red-stream"/>
    <property name="os.arch" value="amd64"/>
    <property name="java.vm.specification.name" value="Java Virtual Machine Specification"/>
    <property name="java.awt.printerjob" value="sun.print.PSPrinterJob"/>
    <property name="sun.os.patch.level" value="unknown"/>
    <property name="java.library.path" value="/usr/java/packages/lib:/usr/lib64:/lib64:/lib:/usr/lib"/>
    <property name="java.vendor" value="Oracle Corporation"/>
    <property name="java.vm.info" value="mixed mode"/>
    <property name="java.vm.version" value="11.0.23+7-LTS-222"/>
    <property name="java.specification.maintenance.version" value="2"/>
    <property name="sun.io.unicode.encoding" value="UnicodeLittle"/>
    <property name="java.class.version" value="55.0"/>
  </properties>
  <testcase name="com.example.BasicApplicationTests" classname="com.example.BasicApplicationTests" time="0.238">
    <error message="Unable to find a @SpringBootConfiguration, you need to use @ContextConfiguration or @SpringBootTest(classes=...) with your test" type="java.lang.IllegalStateException">java.lang.IllegalStateException: Unable to find a @SpringBootConfiguration, you need to use @ContextConfiguration or @SpringBootTest(classes=...) with your test
</error>
    <system-out><![CDATA[09:16:27.163 [main] DEBUG org.springframework.test.context.BootstrapUtils - Instantiating CacheAwareContextLoaderDelegate from class [org.springframework.test.context.cache.DefaultCacheAwareContextLoaderDelegate]
09:16:27.174 [main] DEBUG org.springframework.test.context.BootstrapUtils - Instantiating BootstrapContext using constructor [public org.springframework.test.context.support.DefaultBootstrapContext(java.lang.Class,org.springframework.test.context.CacheAwareContextLoaderDelegate)]
09:16:27.192 [main] DEBUG org.springframework.test.context.BootstrapUtils - Instantiating TestContextBootstrapper for test class [com.example.BasicApplicationTests] from class [org.springframework.boot.test.context.SpringBootTestContextBootstrapper]
09:16:27.201 [main] INFO org.springframework.boot.test.context.SpringBootTestContextBootstrapper - Neither @ContextConfiguration nor @ContextHierarchy found for test class [com.example.BasicApplicationTests], using SpringBootContextLoader
09:16:27.204 [main] DEBUG org.springframework.test.context.support.AbstractContextLoader - Did not detect default resource location for test class [com.example.BasicApplicationTests]: class path resource [com/example/BasicApplicationTests-context.xml] does not exist
09:16:27.204 [main] DEBUG org.springframework.test.context.support.AbstractContextLoader - Did not detect default resource location for test class [com.example.BasicApplicationTests]: class path resource [com/example/BasicApplicationTestsContext.groovy] does not exist
09:16:27.205 [main] INFO org.springframework.test.context.support.AbstractContextLoader - Could not detect default resource locations for test class [com.example.BasicApplicationTests]: no resource found for suffixes {-context.xml, Context.groovy}.
09:16:27.205 [main] INFO org.springframework.test.context.support.AnnotationConfigContextLoaderUtils - Could not detect default configuration classes for test class [com.example.BasicApplicationTests]: BasicApplicationTests does not declare any static, non-private, non-final, nested classes annotated with @Configuration.
09:16:27.228 [main] DEBUG org.springframework.test.context.support.ActiveProfilesUtils - Could not find an 'annotation declaring class' for annotation type [org.springframework.test.context.ActiveProfiles] and class [com.example.BasicApplicationTests]
09:16:27.276 [main] DEBUG org.springframework.test.context.BootstrapUtils - Instantiating CacheAwareContextLoaderDelegate from class [org.springframework.test.context.cache.DefaultCacheAwareContextLoaderDelegate]
09:16:27.276 [main] DEBUG org.springframework.test.context.BootstrapUtils - Instantiating BootstrapContext using constructor [public org.springframework.test.context.support.DefaultBootstrapContext(java.lang.Class,org.springframework.test.context.CacheAwareContextLoaderDelegate)]
09:16:27.277 [main] DEBUG org.springframework.test.context.BootstrapUtils - Instantiating TestContextBootstrapper for test class [com.example.BasicApplicationTests] from class [org.springframework.boot.test.context.SpringBootTestContextBootstrapper]
09:16:27.277 [main] INFO org.springframework.boot.test.context.SpringBootTestContextBootstrapper - Neither @ContextConfiguration nor @ContextHierarchy found for test class [com.example.BasicApplicationTests], using SpringBootContextLoader
09:16:27.278 [main] DEBUG org.springframework.test.context.support.AbstractContextLoader - Did not detect default resource location for test class [com.example.BasicApplicationTests]: class path resource [com/example/BasicApplicationTests-context.xml] does not exist
09:16:27.278 [main] DEBUG org.springframework.test.context.support.AbstractContextLoader - Did not detect default resource location for test class [com.example.BasicApplicationTests]: class path resource [com/example/BasicApplicationTestsContext.groovy] does not exist
09:16:27.278 [main] INFO org.springframework.test.context.support.AbstractContextLoader - Could not detect default resource locations for test class [com.example.BasicApplicationTests]: no resource found for suffixes {-context.xml, Context.groovy}.
09:16:27.278 [main] INFO org.springframework.test.context.support.AnnotationConfigContextLoaderUtils - Could not detect default configuration classes for test class [com.example.BasicApplicationTests]: BasicApplicationTests does not declare any static, non-private, non-final, nested classes annotated with @Configuration.
09:16:27.279 [main] DEBUG org.springframework.test.context.support.ActiveProfilesUtils - Could not find an 'annotation declaring class' for annotation type [org.springframework.test.context.ActiveProfiles] and class [com.example.BasicApplicationTests]
09:16:27.307 [main] DEBUG org.springframework.test.context.BootstrapUtils - Instantiating CacheAwareContextLoaderDelegate from class [org.springframework.test.context.cache.DefaultCacheAwareContextLoaderDelegate]
09:16:27.307 [main] DEBUG org.springframework.test.context.BootstrapUtils - Instantiating BootstrapContext using constructor [public org.springframework.test.context.support.DefaultBootstrapContext(java.lang.Class,org.springframework.test.context.CacheAwareContextLoaderDelegate)]
09:16:27.308 [main] DEBUG org.springframework.test.context.BootstrapUtils - Instantiating TestContextBootstrapper for test class [com.example.BasicApplicationTests] from class [org.springframework.boot.test.context.SpringBootTestContextBootstrapper]
09:16:27.308 [main] INFO org.springframework.boot.test.context.SpringBootTestContextBootstrapper - Neither @ContextConfiguration nor @ContextHierarchy found for test class [com.example.BasicApplicationTests], using SpringBootContextLoader
09:16:27.309 [main] DEBUG org.springframework.test.context.support.AbstractContextLoader - Did not detect default resource location for test class [com.example.BasicApplicationTests]: class path resource [com/example/BasicApplicationTests-context.xml] does not exist
09:16:27.309 [main] DEBUG org.springframework.test.context.support.AbstractContextLoader - Did not detect default resource location for test class [com.example.BasicApplicationTests]: class path resource [com/example/BasicApplicationTestsContext.groovy] does not exist
09:16:27.309 [main] INFO org.springframework.test.context.support.AbstractContextLoader - Could not detect default resource locations for test class [com.example.BasicApplicationTests]: no resource found for suffixes {-context.xml, Context.groovy}.
09:16:27.309 [main] INFO org.springframework.test.context.support.AnnotationConfigContextLoaderUtils - Could not detect default configuration classes for test class [com.example.BasicApplicationTests]: BasicApplicationTests does not declare any static, non-private, non-final, nested classes annotated with @Configuration.
09:16:27.310 [main] DEBUG org.springframework.test.context.support.ActiveProfilesUtils - Could not find an 'annotation declaring class' for annotation type [org.springframework.test.context.ActiveProfiles] and class [com.example.BasicApplicationTests]
]]></system-out>
  </testcase>
</testsuite>